\BOOKMARK [1][-]{section.1}{Introduction}{}% 1
\BOOKMARK [1][-]{section.2}{Model with Automation}{}% 2
\BOOKMARK [2][-]{subsection.2.1}{Environment}{section.2}% 3
\BOOKMARK [2][-]{subsection.2.2}{Equilibrium in Static Model}{section.2}% 4
\BOOKMARK [1][-]{section.3}{Dynamics and Balanced Growth Path}{}% 5
\BOOKMARK [2][-]{subsection.3.1}{Balanced Growth Path}{section.3}% 6
\BOOKMARK [2][-]{subsection.3.2}{Long-Run Comparative Statics}{section.3}% 7
\BOOKMARK [1][-]{section.4}{Social Planner's Problem }{}% 8
\BOOKMARK [2][-]{subsection.4.1}{Solution of SPP}{section.4}% 9
\BOOKMARK [2][-]{subsection.4.2}{Externality}{section.4}% 10
\BOOKMARK [1][-]{section.5}{Transition path}{}% 11
\BOOKMARK [2][-]{subsection.5.1}{Calibration}{section.5}% 12
\BOOKMARK [2][-]{subsection.5.2}{Transition path}{section.5}% 13
\BOOKMARK [2][-]{subsection.5.3}{Role of human capital}{section.5}% 14
\BOOKMARK [2][-]{subsection.5.4}{Optimal policy}{section.5}% 15
\BOOKMARK [1][-]{section.6}{Empirical Implications}{}% 16
\BOOKMARK [2][-]{subsection.6.1}{Changes in skill level and human capital investment}{section.6}% 17
\BOOKMARK [2][-]{subsection.6.2}{Effects of automation on human capital response}{section.6}% 18
\BOOKMARK [2][-]{subsection.6.3}{Heterogeneous response}{section.6}% 19
\BOOKMARK [1][-]{section.7}{Conclusion}{}% 20
