\BOOKMARK [1][-]{section.1}{Introduction}{}% 1
\BOOKMARK [1][-]{section.2}{Model with Automation}{}% 2
\BOOKMARK [2][-]{subsection.2.1}{Environment}{section.2}% 3
\BOOKMARK [2][-]{subsection.2.2}{Static Model Equilibrium}{section.2}% 4
\BOOKMARK [1][-]{section.3}{Dynamics and Balanced Growth Path}{}% 5
\BOOKMARK [2][-]{subsection.3.1}{Balanced Growth Path}{section.3}% 6
\BOOKMARK [2][-]{subsection.3.2}{Long-Run Comparative Statics}{section.3}% 7
\BOOKMARK [1][-]{section.4}{Social Planner's Problem }{}% 8
\BOOKMARK [2][-]{subsection.4.1}{Solution of SPP}{section.4}% 9
\BOOKMARK [2][-]{subsection.4.2}{Externality}{section.4}% 10
\BOOKMARK [1][-]{section.5}{Calibration and Transition Path}{}% 11
\BOOKMARK [2][-]{subsection.5.1}{Calibration}{section.5}% 12
\BOOKMARK [2][-]{subsection.5.2}{Transition Path}{section.5}% 13
\BOOKMARK [2][-]{subsection.5.3}{Policy Implications}{section.5}% 14
\BOOKMARK [1][-]{section.6}{Empirical Implications}{}% 15
\BOOKMARK [2][-]{subsection.6.1}{Changes in Skill Level and Human Capital Investment}{section.6}% 16
\BOOKMARK [2][-]{subsection.6.2}{Effects of Automation on Human Capital Investment}{section.6}% 17
\BOOKMARK [2][-]{subsection.6.3}{Heterogeneous Responses}{section.6}% 18
\BOOKMARK [1][-]{section.7}{Conclusion}{}% 19
\BOOKMARK [1][-]{Appendix.a.A}{Firm Problem}{}% 20
\BOOKMARK [1][-]{Appendix.a.B}{Proposition Proofs}{}% 21
\BOOKMARK [1][-]{Appendix.a.C}{Calibration}{}% 22
\BOOKMARK [1][-]{Appendix.a.D}{Transition Path Algorithm}{}% 23
\BOOKMARK [1][-]{Appendix.a.E}{Empirical Appendix}{}% 24
\BOOKMARK [2][-]{subsection.a.E.1}{Changes in Skill Level and Human Capital Investment}{Appendix.a.E}% 25
\BOOKMARK [2][-]{subsection.a.E.2}{Effects of Automation on Human Capital Investment}{Appendix.a.E}% 26
\BOOKMARK [2][-]{subsection.a.E.3}{Heterogeneous Responses}{Appendix.a.E}% 27
